[2026-01-08 06:47:31] local.ERROR: Command "config:" is ambiguous.
Did you mean one of these?
    config:cache   Create a cache file for ...
    config:clear   Remove the configuration...
    config:show    Display all of the value...
    config:make    Create a new configurati...
    config:publish Publish configuration fi.... {"exception":"[object] (Symfony\\Component\\Console\\Exception\\CommandNotFoundException(code: 0): Command \"config:\" is ambiguous.
Did you mean one of these?
    config:cache   Create a cache file for ...
    config:clear   Remove the configuration...
    config:show    Display all of the value...
    config:make    Create a new configurati...
    config:publish Publish configuration fi.... at C:/Users/Crissel Zapatero/Desktop/Academics/XAMPP/htdocs/STAPHub/vendor/symfony/console/Application.php:800)
[stacktrace]
#0 C:/Users/Crissel Zapatero/Desktop/Academics/XAMPP/htdocs/STAPHub/vendor/symfony/console/Application.php(298): Symfony/Component/Console/Application->find('config:')
#1 C:/Users/Crissel Zapatero/Desktop/Academics/XAMPP/htdocs/STAPHub/vendor/symfony/console/Application.php(195): Symfony/Component/Console/Application->doRun(Object(Symfony/Component/Console/Input/ArgvInput), Object(Symfony/Component/Console/Output/ConsoleOutput))
#2 C:/Users/Crissel Zapatero/Desktop/Academics/XAMPP/htdocs/STAPHub/vendor/laravel/framework/src/Illuminate/Foundation/Console/Kernel.php(198): Symfony/Component/Console/Application->run(Object(Symfony/Component/Console/Input/ArgvInput), Object(Symfony/Component/Console/Output/ConsoleOutput))
#3 C:/Users/Crissel Zapatero/Desktop/Academics/XAMPP/htdocs/STAPHub/vendor/laravel/framework/src/Illuminate/Foundation/Application.php(1235): Illuminate/Foundation/Console/Kernel->handle(Object(Symfony/Component/Console/Input/ArgvInput), Object(Symfony/Component/Console/Output/ConsoleOutput))
#4 C:/Users/Crissel Zapatero/Desktop/Academics/XAMPP/htdocs/STAPHub/artisan(16): Illuminate/Foundation/Application->handleCommand(Object(Symfony/Component/Console/Input/ArgvInput))
#5 {main}
"} 
[2026-01-08 06:56:55] local.ERROR: There are no commands defined in the "migratet" namespace.

Did you mean this?
    migrate {"exception":"[object] (Symfony\\Component\\Console\\Exception\\NamespaceNotFoundException(code: 0): There are no commands defined in the \"migratet\" namespace.

Did you mean this?
    migrate at C:/Users/Crissel Zapatero/Desktop/Academics/XAMPP/htdocs/STAPHub/vendor/symfony/console/Application.php:694)
[stacktrace]
#0 C:/Users/Crissel Zapatero/Desktop/Academics/XAMPP/htdocs/STAPHub/vendor/symfony/console/Application.php(743): Symfony/Component/Console/Application->findNamespace('migratet')
#1 C:/Users/Crissel Zapatero/Desktop/Academics/XAMPP/htdocs/STAPHub/vendor/symfony/console/Application.php(298): Symfony/Component/Console/Application->find('migratet:fresh')
#2 C:/Users/Crissel Zapatero/Desktop/Academics/XAMPP/htdocs/STAPHub/vendor/symfony/console/Application.php(195): Symfony/Component/Console/Application->doRun(Object(Symfony/Component/Console/Input/ArgvInput), Object(Symfony/Component/Console/Output/ConsoleOutput))
#3 C:/Users/Crissel Zapatero/Desktop/Academics/XAMPP/htdocs/STAPHub/vendor/laravel/framework/src/Illuminate/Foundation/Console/Kernel.php(198): Symfony/Component/Console/Application->run(Object(Symfony/Component/Console/Input/ArgvInput), Object(Symfony/Component/Console/Output/ConsoleOutput))
#4 C:/Users/Crissel Zapatero/Desktop/Academics/XAMPP/htdocs/STAPHub/vendor/laravel/framework/src/Illuminate/Foundation/Application.php(1235): Illuminate/Foundation/Console/Kernel->handle(Object(Symfony/Component/Console/Input/ArgvInput), Object(Symfony/Component/Console/Output/ConsoleOutput))
#5 C:/Users/Crissel Zapatero/Desktop/Academics/XAMPP/htdocs/STAPHub/artisan(16): Illuminate/Foundation/Application->handleCommand(Object(Symfony/Component/Console/Input/ArgvInput))
#6 {main}
"} 
[2026-01-08 06:57:13] local.ERROR: Command "server" is not defined.

Did you mean one of these?
    make:observer
    serve {"exception":"[object] (Symfony\\Component\\Console\\Exception\\CommandNotFoundException(code: 0): Command \"server\" is not defined.

Did you mean one of these?
    make:observer
    serve at C:/Users/Crissel Zapatero/Desktop/Academics/XAMPP/htdocs/STAPHub/vendor/symfony/console/Application.php:759)
[stacktrace]
#0 C:/Users/Crissel Zapatero/Desktop/Academics/XAMPP/htdocs/STAPHub/vendor/symfony/console/Application.php(298): Symfony/Component/Console/Application->find('server')
#1 C:/Users/Crissel Zapatero/Desktop/Academics/XAMPP/htdocs/STAPHub/vendor/symfony/console/Application.php(195): Symfony/Component/Console/Application->doRun(Object(Symfony/Component/Console/Input/ArgvInput), Object(Symfony/Component/Console/Output/ConsoleOutput))
#2 C:/Users/Crissel Zapatero/Desktop/Academics/XAMPP/htdocs/STAPHub/vendor/laravel/framework/src/Illuminate/Foundation/Console/Kernel.php(198): Symfony/Component/Console/Application->run(Object(Symfony/Component/Console/Input/ArgvInput), Object(Symfony/Component/Console/Output/ConsoleOutput))
#3 C:/Users/Crissel Zapatero/Desktop/Academics/XAMPP/htdocs/STAPHub/vendor/laravel/framework/src/Illuminate/Foundation/Application.php(1235): Illuminate/Foundation/Console/Kernel->handle(Object(Symfony/Component/Console/Input/ArgvInput), Object(Symfony/Component/Console/Output/ConsoleOutput))
#4 C:/Users/Crissel Zapatero/Desktop/Academics/XAMPP/htdocs/STAPHub/artisan(16): Illuminate/Foundation/Application->handleCommand(Object(Symfony/Component/Console/Input/ArgvInput))
#5 {main}
"} 
